  error: subprocess-exited-with-error
  
  × pip subprocess to install build dependencies did not run successfully.
  │ exit code: 1
  ╰─> [3 lines of output]
      WARNING: Skipping page https://pypi.org/simple/setuptools/ because the GET request got Content-Type: Unknown. The only supported Content-Types are application/vnd.pypi.simple.v1+json, application/vnd.pypi.simple.v1+html, and text/html
      ERROR: Could not find a version that satisfies the requirement setuptools>=40.8.0 (from versions: none)
      ERROR: No matching distribution found for setuptools>=40.8.0
      [end of output]
  
  note: This error originates from a subprocess, and is likely not a problem with pip.
error: subprocess-exited-with-error

× pip subprocess to install build dependencies did not run successfully.
│ exit code: 1
╰─> See above for output.

note: This error originates from a subprocess, and is likely not a problem with pip.
Traceback (most recent call last):
  File "script_grid_search.py", line 15, in <module>
    pipelines_dict_lists = importlib.import_module(f'hyperparams.V{version}.pipeline').pipelines_dict_lists
  File "/softs/Utils/anaconda3.7-2021.05/lib/python3.8/importlib/__init__.py", line 127, in import_module
    return _bootstrap._gcd_import(name[level:], package, level)
  File "<frozen importlib._bootstrap>", line 1014, in _gcd_import
  File "<frozen importlib._bootstrap>", line 991, in _find_and_load
  File "<frozen importlib._bootstrap>", line 975, in _find_and_load_unlocked
  File "<frozen importlib._bootstrap>", line 671, in _load_unlocked
  File "<frozen importlib._bootstrap_external>", line 779, in exec_module
  File "<frozen importlib._bootstrap_external>", line 916, in get_code
  File "<frozen importlib._bootstrap_external>", line 846, in source_to_code
  File "<frozen importlib._bootstrap>", line 219, in _call_with_frames_removed
  File "/scratch/students/j.delavande/PIE_2023/src/training/RIEMANN_MLP_MVT_INT_grid_search/hyperparams/V2/pipeline.py", line 29
    'clf__activation': ['relu'],
    ^
SyntaxError: invalid syntax
